# JRE version: OpenJDK Runtime Environment Temurin-21.0.6+7 (21.0.6+7) (build 21.0.6+7-LTS)
# Java VM: OpenJDK 64-Bit Server VM Temurin-21.0.6+7 (21.0.6+7-LTS, mixed mode, sharing, tiered, compressed oops, compressed class ptrs, parallel gc, windows-amd64)
GC Precious Log:
 CardTable entry size: 512
 CPUs: 16 total, 16 available
 Memory: 7599M
 Large Page Support: Disabled
 NUMA Support: Disabled
 Compressed Oops: Enabled (32-bit)
 Alignments: Space 512K, Generation 512K, Heap 2M
 Heap Min Capacity: 100M
 Heap Initial Capacity: 100M
 Heap Max Capacity: 1G
 Pre-touch: Disabled
 Parallel Workers: 13
Heap:
 PSYoungGen      total 12800K, used 4299K [0x00000000eab00000, 0x00000000ebc00000, 0x0000000100000000)
  eden space 9216K, 11% used [0x00000000eab00000,0x00000000eac10140,0x00000000eb400000)
  from space 3584K, 89% used [0x00000000eb780000,0x00000000ebaa4e90,0x00000000ebb00000)
  to   space 3584K, 0% used [0x00000000eb400000,0x00000000eb400000,0x00000000eb780000)
 ParOldGen       total 699392K, used 305366K [0x00000000c0000000, 0x00000000eab00000, 0x00000000eab00000)
  object space 699392K, 43% used [0x00000000c0000000,0x00000000d2a35990,0x00000000eab00000)
 Metaspace       used 65350K, committed 66560K, reserved 1114112K
  class space    used 6869K, committed 7424K, reserved 1048576K
GC Heap History (20 events):
Event: 2280.473 GC heap before
{Heap before GC invocations=268 (full 3):
 PSYoungGen      total 4096K, used 3844K [0x00000000eab00000, 0x00000000eb000000, 0x0000000100000000)
  eden space 3072K, 100% used [0x00000000eab00000,0x00000000eae00000,0x00000000eae00000)
  from space 1024K, 75% used [0x00000000eaf00000,0x00000000eafc1120,0x00000000eb000000)
  to   space 1024K, 0% used [0x00000000eae00000,0x00000000eae00000,0x00000000eaf00000)
 ParOldGen       total 284672K, used 284171K [0x00000000c0000000, 0x00000000d1600000, 0x00000000eab00000)
  object space 284672K, 99% used [0x00000000c0000000,0x00000000d1582c90,0x00000000d1600000)
 Metaspace       used 65350K, committed 66560K, reserved 1114112K
  class space    used 6869K, committed 7424K, reserved 1048576K
}
Event: 2280.474 GC heap after
{Heap after GC invocations=268 (full 3):
 PSYoungGen      total 4096K, used 918K [0x00000000eab00000, 0x00000000eb000000, 0x0000000100000000)
  eden space 3072K, 0% used [0x00000000eab00000,0x00000000eab00000,0x00000000eae00000)
  from space 1024K, 89% used [0x00000000eae00000,0x00000000eaee5b48,0x00000000eaf00000)
  to   space 1024K, 0% used [0x00000000eaf00000,0x00000000eaf00000,0x00000000eb000000)
 ParOldGen       total 285184K, used 284776K [0x00000000c0000000, 0x00000000d1680000, 0x00000000eab00000)
  object space 285184K, 99% used [0x00000000c0000000,0x00000000d161a038,0x00000000d1680000)
 Metaspace       used 65350K, committed 66560K, reserved 1114112K
  class space    used 6869K, committed 7424K, reserved 1048576K
}
Event: 2280.571 GC heap before
{Heap before GC invocations=269 (full 3):
 PSYoungGen      total 4096K, used 3990K [0x00000000eab00000, 0x00000000eb000000, 0x0000000100000000)
  eden space 3072K, 100% used [0x00000000eab00000,0x00000000eae00000,0x00000000eae00000)
  from space 1024K, 89% used [0x00000000eae00000,0x00000000eaee5b48,0x00000000eaf00000)
  to   space 1024K, 0% used [0x00000000eaf00000,0x00000000eaf00000,0x00000000eb000000)
 ParOldGen       total 285184K, used 284776K [0x00000000c0000000, 0x00000000d1680000, 0x00000000eab00000)
  object space 285184K, 99% used [0x00000000c0000000,0x00000000d161a038,0x00000000d1680000)
 Metaspace       used 65350K, committed 66560K, reserved 1114112K
  class space    used 6869K, committed 7424K, reserved 1048576K
}
Event: 2280.572 GC heap after
{Heap after GC invocations=269 (full 3):
 PSYoungGen      total 4096K, used 947K [0x00000000eab00000, 0x00000000eb000000, 0x0000000100000000)
  eden space 3072K, 0% used [0x00000000eab00000,0x00000000eab00000,0x00000000eae00000)
  from space 1024K, 92% used [0x00000000eaf00000,0x00000000eafece08,0x00000000eb000000)
  to   space 1024K, 0% used [0x00000000eae00000,0x00000000eae00000,0x00000000eaf00000)
 ParOldGen       total 285696K, used 285517K [0x00000000c0000000, 0x00000000d1700000, 0x00000000eab00000)
  object space 285696K, 99% used [0x00000000c0000000,0x00000000d16d36b0,0x00000000d1700000)
 Metaspace       used 65350K, committed 66560K, reserved 1114112K
  class space    used 6869K, committed 7424K, reserved 1048576K
}
Event: 2280.677 GC heap before
{Heap before GC invocations=270 (full 3):
 PSYoungGen      total 4096K, used 3848K [0x00000000eab00000, 0x00000000eb000000, 0x0000000100000000)
  eden space 3072K, 94% used [0x00000000eab00000,0x00000000eadd54e0,0x00000000eae00000)
  from space 1024K, 92% used [0x00000000eaf00000,0x00000000eafece08,0x00000000eb000000)
  to   space 1024K, 0% used [0x00000000eae00000,0x00000000eae00000,0x00000000eaf00000)
 ParOldGen       total 285696K, used 285517K [0x00000000c0000000, 0x00000000d1700000, 0x00000000eab00000)
  object space 285696K, 99% used [0x00000000c0000000,0x00000000d16d36b0,0x00000000d1700000)
 Metaspace       used 65350K, committed 66560K, reserved 1114112K
  class space    used 6869K, committed 7424K, reserved 1048576K
}
Event: 2281.680 GC heap after
{Heap after GC invocations=270 (full 3):
 PSYoungGen      total 4096K, used 1016K [0x00000000eab00000, 0x00000000eb200000, 0x0000000100000000)
  eden space 3072K, 0% used [0x00000000eab00000,0x00000000eab00000,0x00000000eae00000)
  from space 1024K, 99% used [0x00000000eae00000,0x00000000eaefe1b0,0x00000000eaf00000)
  to   space 1536K, 0% used [0x00000000eb080000,0x00000000eb080000,0x00000000eb200000)
 ParOldGen       total 286720K, used 286315K [0x00000000c0000000, 0x00000000d1800000, 0x00000000eab00000)
  object space 286720K, 99% used [0x00000000c0000000,0x00000000d179ac50,0x00000000d1800000)
 Metaspace       used 65350K, committed 66560K, reserved 1114112K
  class space    used 6869K, committed 7424K, reserved 1048576K
}
Event: 2281.696 GC heap before
{Heap before GC invocations=271 (full 3):
 PSYoungGen      total 4096K, used 4088K [0x00000000eab00000, 0x00000000eb200000, 0x0000000100000000)
  eden space 3072K, 100% used [0x00000000eab00000,0x00000000eae00000,0x00000000eae00000)
  from space 1024K, 99% used [0x00000000eae00000,0x00000000eaefe1b0,0x00000000eaf00000)
  to   space 1536K, 0% used [0x00000000eb080000,0x00000000eb080000,0x00000000eb200000)
 ParOldGen       total 286720K, used 286315K [0x00000000c0000000, 0x00000000d1800000, 0x00000000eab00000)
  object space 286720K, 99% used [0x00000000c0000000,0x00000000d179ac50,0x00000000d1800000)
 Metaspace       used 65350K, committed 66560K, reserved 1114112K
  class space    used 6869K, committed 7424K, reserved 1048576K
}
Event: 2281.697 GC heap after
{Heap after GC invocations=271 (full 3):
 PSYoungGen      total 5632K, used 1212K [0x00000000eab00000, 0x00000000eb200000, 0x0000000100000000)
  eden space 4096K, 0% used [0x00000000eab00000,0x00000000eab00000,0x00000000eaf00000)
  from space 1536K, 78% used [0x00000000eb080000,0x00000000eb1af158,0x00000000eb200000)
  to   space 1536K, 0% used [0x00000000eaf00000,0x00000000eaf00000,0x00000000eb080000)
 ParOldGen       total 287232K, used 287140K [0x00000000c0000000, 0x00000000d1880000, 0x00000000eab00000)
  object space 287232K, 99% used [0x00000000c0000000,0x00000000d18693a8,0x00000000d1880000)
 Metaspace       used 65350K, committed 66560K, reserved 1114112K
  class space    used 6869K, committed 7424K, reserved 1048576K
}
Event: 2281.715 GC heap before
{Heap before GC invocations=272 (full 3):
 PSYoungGen      total 5632K, used 5308K [0x00000000eab00000, 0x00000000eb200000, 0x0000000100000000)
  eden space 4096K, 100% used [0x00000000eab00000,0x00000000eaf00000,0x00000000eaf00000)
  from space 1536K, 78% used [0x00000000eb080000,0x00000000eb1af158,0x00000000eb200000)
  to   space 1536K, 0% used [0x00000000eaf00000,0x00000000eaf00000,0x00000000eb080000)
 ParOldGen       total 287232K, used 287140K [0x00000000c0000000, 0x00000000d1880000, 0x00000000eab00000)
  object space 287232K, 99% used [0x00000000c0000000,0x00000000d18693a8,0x00000000d1880000)
 Metaspace       used 65350K, committed 66560K, reserved 1114112K
  class space    used 6869K, committed 7424K, reserved 1048576K
}
Event: 2281.717 GC heap after
{Heap after GC invocations=272 (full 3):
 PSYoungGen      total 5632K, used 1507K [0x00000000eab00000, 0x00000000eb600000, 0x0000000100000000)
  eden space 4096K, 0% used [0x00000000eab00000,0x00000000eab00000,0x00000000eaf00000)
  from space 1536K, 98% used [0x00000000eaf00000,0x00000000eb078d20,0x00000000eb080000)
  to   space 3072K, 0% used [0x00000000eb300000,0x00000000eb300000,0x00000000eb600000)
 ParOldGen       total 288256K, used 288183K [0x00000000c0000000, 0x00000000d1980000, 0x00000000eab00000)
  object space 288256K, 99% used [0x00000000c0000000,0x00000000d196de18,0x00000000d1980000)
 Metaspace       used 65350K, committed 66560K, reserved 1114112K
  class space    used 6869K, committed 7424K, reserved 1048576K
}
Event: 2281.733 GC heap before
{Heap before GC invocations=273 (full 3):
 PSYoungGen      total 5632K, used 5603K [0x00000000eab00000, 0x00000000eb600000, 0x0000000100000000)
  eden space 4096K, 100% used [0x00000000eab00000,0x00000000eaf00000,0x00000000eaf00000)
  from space 1536K, 98% used [0x00000000eaf00000,0x00000000eb078d20,0x00000000eb080000)
  to   space 3072K, 0% used [0x00000000eb300000,0x00000000eb300000,0x00000000eb600000)
 ParOldGen       total 288256K, used 288183K [0x00000000c0000000, 0x00000000d1980000, 0x00000000eab00000)
  object space 288256K, 99% used [0x00000000c0000000,0x00000000d196de18,0x00000000d1980000)
 Metaspace       used 65350K, committed 66560K, reserved 1114112K
  class space    used 6869K, committed 7424K, reserved 1048576K
}
Event: 2281.735 GC heap after
{Heap after GC invocations=273 (full 3):
 PSYoungGen      total 6656K, used 1198K [0x00000000eab00000, 0x00000000eb480000, 0x0000000100000000)
  eden space 5120K, 0% used [0x00000000eab00000,0x00000000eab00000,0x00000000eb000000)
  from space 1536K, 78% used [0x00000000eb300000,0x00000000eb42b928,0x00000000eb480000)
  to   space 2048K, 0% used [0x00000000eb080000,0x00000000eb080000,0x00000000eb280000)
 ParOldGen       total 289792K, used 289527K [0x00000000c0000000, 0x00000000d1b00000, 0x00000000eab00000)
  object space 289792K, 99% used [0x00000000c0000000,0x00000000d1abdfc0,0x00000000d1b00000)
 Metaspace       used 65350K, committed 66560K, reserved 1114112K
  class space    used 6869K, committed 7424K, reserved 1048576K
}
Event: 2281.758 GC heap before
{Heap before GC invocations=274 (full 3):
 PSYoungGen      total 6656K, used 6318K [0x00000000eab00000, 0x00000000eb480000, 0x0000000100000000)
  eden space 5120K, 100% used [0x00000000eab00000,0x00000000eb000000,0x00000000eb000000)
  from space 1536K, 78% used [0x00000000eb300000,0x00000000eb42b928,0x00000000eb480000)
  to   space 2048K, 0% used [0x00000000eb080000,0x00000000eb080000,0x00000000eb280000)
 ParOldGen       total 289792K, used 289527K [0x00000000c0000000, 0x00000000d1b00000, 0x00000000eab00000)
  object space 289792K, 99% used [0x00000000c0000000,0x00000000d1abdfc0,0x00000000d1b00000)
 Metaspace       used 65350K, committed 66560K, reserved 1114112K
  class space    used 6869K, committed 7424K, reserved 1048576K
}
Event: 2281.760 GC heap after
{Heap after GC invocations=274 (full 3):
 PSYoungGen      total 6656K, used 1354K [0x00000000eab00000, 0x00000000eb380000, 0x0000000100000000)
  eden space 5120K, 0% used [0x00000000eab00000,0x00000000eab00000,0x00000000eb000000)
  from space 1536K, 88% used [0x00000000eb080000,0x00000000eb1d2950,0x00000000eb200000)
  to   space 1536K, 0% used [0x00000000eb200000,0x00000000eb200000,0x00000000eb380000)
 ParOldGen       total 290816K, used 290570K [0x00000000c0000000, 0x00000000d1c00000, 0x00000000eab00000)
  object space 290816K, 99% used [0x00000000c0000000,0x00000000d1bc2ad8,0x00000000d1c00000)
 Metaspace       used 65350K, committed 66560K, reserved 1114112K
  class space    used 6869K, committed 7424K, reserved 1048576K
}
Event: 2281.785 GC heap before
{Heap before GC invocations=275 (full 3):
 PSYoungGen      total 6656K, used 6468K [0x00000000eab00000, 0x00000000eb380000, 0x0000000100000000)
  eden space 5120K, 99% used [0x00000000eab00000,0x00000000eaffea90,0x00000000eb000000)
  from space 1536K, 88% used [0x00000000eb080000,0x00000000eb1d2950,0x00000000eb200000)
  to   space 1536K, 0% used [0x00000000eb200000,0x00000000eb200000,0x00000000eb380000)
 ParOldGen       total 290816K, used 290570K [0x00000000c0000000, 0x00000000d1c00000, 0x00000000eab00000)
  object space 290816K, 99% used [0x00000000c0000000,0x00000000d1bc2ad8,0x00000000d1c00000)
 Metaspace       used 65350K, committed 66560K, reserved 1114112K
  class space    used 6869K, committed 7424K, reserved 1048576K
}
Event: 2281.789 GC heap after
{Heap after GC invocations=275 (full 3):
 PSYoungGen      total 5632K, used 1504K [0x00000000eab00000, 0x00000000eb600000, 0x0000000100000000)
  eden space 4096K, 0% used [0x00000000eab00000,0x00000000eab00000,0x00000000eaf00000)
  from space 1536K, 97% used [0x00000000eb200000,0x00000000eb378010,0x00000000eb380000)
  to   space 3072K, 0% used [0x00000000eaf00000,0x00000000eaf00000,0x00000000eb200000)
 ParOldGen       total 291840K, used 291794K [0x00000000c0000000, 0x00000000d1d00000, 0x00000000eab00000)
  object space 291840K, 99% used [0x00000000c0000000,0x00000000d1cf4a90,0x00000000d1d00000)
 Metaspace       used 65350K, committed 66560K, reserved 1114112K
  class space    used 6869K, committed 7424K, reserved 1048576K
}
Event: 2281.805 GC heap before
{Heap before GC invocations=276 (full 3):
 PSYoungGen      total 5632K, used 5600K [0x00000000eab00000, 0x00000000eb600000, 0x0000000100000000)
  eden space 4096K, 100% used [0x00000000eab00000,0x00000000eaf00000,0x00000000eaf00000)
  from space 1536K, 97% used [0x00000000eb200000,0x00000000eb378010,0x00000000eb380000)
  to   space 3072K, 0% used [0x00000000eaf00000,0x00000000eaf00000,0x00000000eb200000)
 ParOldGen       total 291840K, used 291794K [0x00000000c0000000, 0x00000000d1d00000, 0x00000000eab00000)
  object space 291840K, 99% used [0x00000000c0000000,0x00000000d1cf4a90,0x00000000d1d00000)
 Metaspace       used 65350K, committed 66560K, reserved 1114112K
  class space    used 6869K, committed 7424K, reserved 1048576K
}
Event: 2282.808 GC heap after
{Heap after GC invocations=276 (full 3):
 PSYoungGen      total 7168K, used 1319K [0x00000000eab00000, 0x00000000eb400000, 0x0000000100000000)
  eden space 4096K, 0% used [0x00000000eab00000,0x00000000eab00000,0x00000000eaf00000)
  from space 3072K, 42% used [0x00000000eaf00000,0x00000000eb049ec0,0x00000000eb200000)
  to   space 2048K, 0% used [0x00000000eb200000,0x00000000eb200000,0x00000000eb400000)
 ParOldGen       total 293376K, used 293215K [0x00000000c0000000, 0x00000000d1e80000, 0x00000000eab00000)
  object space 293376K, 99% used [0x00000000c0000000,0x00000000d1e57cb8,0x00000000d1e80000)
 Metaspace       used 65350K, committed 66560K, reserved 1114112K
  class space    used 6869K, committed 7424K, reserved 1048576K
}
Event: 2283.056 GC heap before
{Heap before GC invocations=277 (full 3):
 PSYoungGen      total 7168K, used 5415K [0x00000000eab00000, 0x00000000eb400000, 0x0000000100000000)
  eden space 4096K, 100% used [0x00000000eab00000,0x00000000eaf00000,0x00000000eaf00000)
  from space 3072K, 42% used [0x00000000eaf00000,0x00000000eb049ec0,0x00000000eb200000)
  to   space 2048K, 0% used [0x00000000eb200000,0x00000000eb200000,0x00000000eb400000)
 ParOldGen       total 293376K, used 293215K [0x00000000c0000000, 0x00000000d1e80000, 0x00000000eab00000)
  object space 293376K, 99% used [0x00000000c0000000,0x00000000d1e57cb8,0x00000000d1e80000)
 Metaspace       used 65350K, committed 66560K, reserved 1114112K
  class space    used 6869K, committed 7424K, reserved 1048576K
}
Event: 2283.835 GC heap after
{Heap after GC invocations=277 (full 3):
 PSYoungGen      total 7168K, used 1553K [0x00000000eab00000, 0x00000000eb400000, 0x0000000100000000)
  eden space 5120K, 0% used [0x00000000eab00000,0x00000000eab00000,0x00000000eb000000)
  from space 2048K, 75% used [0x00000000eb200000,0x00000000eb3847c0,0x00000000eb400000)
  to   space 2048K, 0% used [0x00000000eb000000,0x00000000eb000000,0x00000000eb200000)
 ParOldGen       total 294400K, used 294323K [0x00000000c0000000, 0x00000000d1f80000, 0x00000000eab00000)
  object space 294400K, 99% used [0x00000000c0000000,0x00000000d1f6cea8,0x00000000d1f80000)
 Metaspace       used 65350K, committed 66560K, reserved 1114112K
  class space    used 6869K, committed 7424K, reserved 1048576K
}

